0 info it worked if it ends with ok
1 verbose cli [ 'C:\\Program Files\\nodejs\\node.exe',
1 verbose cli   'C:\\Program Files\\nodejs\\node_modules\\npm\\bin\\npm-cli.js',
1 verbose cli   'run',
1 verbose cli   'start',
1 verbose cli   '--scripts-prepend-node-path=auto' ]
2 info using npm@3.10.10
3 info using node@v6.11.0
4 verbose run-script [ 'prestart', 'start', 'poststart' ]
5 info lifecycle vuejs-poster-shop@1.0.0~prestart: vuejs-poster-shop@1.0.0
6 silly lifecycle vuejs-poster-shop@1.0.0~prestart: no script for prestart, continuing
7 info lifecycle vuejs-poster-shop@1.0.0~start: vuejs-poster-shop@1.0.0
8 verbose lifecycle vuejs-poster-shop@1.0.0~start: unsafe-perm in lifecycle true
9 verbose lifecycle vuejs-poster-shop@1.0.0~start: PATH: C:\Program Files\nodejs\node_modules\npm\bin\node-gyp-bin;C:\Users\beatz\WebstormProjects\vuejs-poster-shop\node_modules\.bin;C:\ProgramData\Oracle\Java\javapath;C:\Program Files\Intel\iCLS Client\;C:\Windows\system32;C:\Windows;C:\Windows\System32\Wbem;C:\Windows\System32\WindowsPowerShell\v1.0\;C:\Program Files (x86)\NVIDIA Corporation\PhysX\Common;C:\Program Files (x86)\Intel\Intel(R) Management Engine Components\DAL;C:\Program Files\Intel\Intel(R) Management Engine Components\DAL;C:\Program Files (x86)\Intel\Intel(R) Management Engine Components\IPT;C:\Program Files\Intel\Intel(R) Management Engine Components\IPT;C:\WINDOWS\system32;C:\WINDOWS;C:\WINDOWS\System32\Wbem;C:\WINDOWS\System32\WindowsPowerShell\v1.0\;C:\Program Files\Git\cmd;C:\WINDOWS\system32\config\systemprofile\.dnx\bin;C:\Program Files\Microsoft DNX\Dnvm\;C:\Program Files (x86)\GNU Tools ARM Embedded\4.9 2015q3\bin;C:\Program Files (x86)\GnuWin32\bin;C:\Program Files\Intel\WiFi\bin\;C:\Program Files\Common Files\Intel\WirelessCommon\;C:\Program Files (x86)\Nordic Semiconductor\nrf5x\bin\;C:\Program Files\nodejs\;C:\Program Files\MongoDB\Server\3.4\bin;C:\Program Files (x86)\STMicroelectronics\STM32 ST-LINK Utility\ST-LINK Utility;C:\Users\beatz\AppData\Local\Microsoft\WindowsApps;C:\Program Files (x86)\Atmel\Flip 3.4.7\bin;C:\Users\beatz\Documents\Arduino\avrdude-6.3-mingw32;C:\Python27;C:\Users\beatz\AppData\Roaming\npm
10 verbose lifecycle vuejs-poster-shop@1.0.0~start: CWD: C:\Users\beatz\WebstormProjects\vuejs-poster-shop
11 silly lifecycle vuejs-poster-shop@1.0.0~start: Args: [ '/d /s /c',
11 silly lifecycle   'nodemon ./index.js --ignore node_modules/ -e js,html,css' ]
12 silly lifecycle vuejs-poster-shop@1.0.0~start: Returned: code: 1  signal: null
13 info lifecycle vuejs-poster-shop@1.0.0~start: Failed to exec start script
14 verbose stack Error: vuejs-poster-shop@1.0.0 start: `nodemon ./index.js --ignore node_modules/ -e js,html,css`
14 verbose stack Exit status 1
14 verbose stack     at EventEmitter.<anonymous> (C:\Program Files\nodejs\node_modules\npm\lib\utils\lifecycle.js:255:16)
14 verbose stack     at emitTwo (events.js:106:13)
14 verbose stack     at EventEmitter.emit (events.js:191:7)
14 verbose stack     at ChildProcess.<anonymous> (C:\Program Files\nodejs\node_modules\npm\lib\utils\spawn.js:40:14)
14 verbose stack     at emitTwo (events.js:106:13)
14 verbose stack     at ChildProcess.emit (events.js:191:7)
14 verbose stack     at maybeClose (internal/child_process.js:891:16)
14 verbose stack     at Process.ChildProcess._handle.onexit (internal/child_process.js:226:5)
15 verbose pkgid vuejs-poster-shop@1.0.0
16 verbose cwd C:\Users\beatz\WebstormProjects\vuejs-poster-shop
17 error Windows_NT 10.0.15063
18 error argv "C:\\Program Files\\nodejs\\node.exe" "C:\\Program Files\\nodejs\\node_modules\\npm\\bin\\npm-cli.js" "run" "start" "--scripts-prepend-node-path=auto"
19 error node v6.11.0
20 error npm  v3.10.10
21 error code ELIFECYCLE
22 error vuejs-poster-shop@1.0.0 start: `nodemon ./index.js --ignore node_modules/ -e js,html,css`
22 error Exit status 1
23 error Failed at the vuejs-poster-shop@1.0.0 start script 'nodemon ./index.js --ignore node_modules/ -e js,html,css'.
23 error Make sure you have the latest version of node.js and npm installed.
23 error If you do, this is most likely a problem with the vuejs-poster-shop package,
23 error not with npm itself.
23 error Tell the author that this fails on your system:
23 error     nodemon ./index.js --ignore node_modules/ -e js,html,css
23 error You can get information on how to open an issue for this project with:
23 error     npm bugs vuejs-poster-shop
23 error Or if that isn't available, you can get their info via:
23 error     npm owner ls vuejs-poster-shop
23 error There is likely additional logging output above.
24 verbose exit [ 1, true ]
